MCS-51 LINKER / LOCATER  L51 V2.7                                                             DATE  03/18/93   PAGE    1


MS-DOS MCS-51 LINKER / LOCATER  L51 V2.7, INVOKED BY:
L51 552.OBJ, SIO552.OBJ TO 552.ABS RAMSIZE (256) NOOVERLAY PRINT (LNK.LST) XDATA (4200H)

MEMORY MODEL: SMALL


INPUT MODULES INCLUDED:
  552.OBJ (552)
  SIO552.OBJ (SIO552)
  C:\C51\C51S.LIB (?C_STARTUP)
  C:\C51\C51S.LIB (PRINTF)
  C:\C51\C51S.LIB (STRNCMP)
  C:\C51\C51S.LIB (PUTCHAR)
  C:\C51\C51S.LIB (?C_INIT)
  C:\C51\C51S.LIB (?C_CLDPTR)
  C:\C51\C51S.LIB (?C_CLDOPTR)
  C:\C51\C51S.LIB (?C_CSTPTR)
  C:\C51\C51S.LIB (?C_PLDIIDATA)
  C:\C51\C51S.LIB (?C_CCASE)


LINK MAP OF MODULE:  552.ABS (552)


            TYPE    BASE      LENGTH    RELOCATION   SEGMENT NAME
            -----------------------------------------------------

            * * * * * * *   D A T A   M E M O R Y   * * * * * * *
            REG     0000H     0008H     ABSOLUTE     "REG BANK 0"
            DATA    0008H     0001H     UNIT         ?DT?_SHOW_TIME?552
            DATA    0009H     0001H     UNIT         ?DT?_SHOW_DATE?552
            DATA    000AH     0006H     UNIT         ?DT?GET_TIME?552
            DATA    0010H     0002H     UNIT         ?DT?MAIN?552
            DATA    0012H     0002H     UNIT         ?DT?552
                    0014H     0004H                  *** GAP ***
            REG     0018H     0008H     ABSOLUTE     "REG BANK 3"
            BIT     0020H.0   0000H.2   ABSOLUTE     
            BIT     0020H.2   0000H.1   UNIT         ?BI?552
            BIT     0020H.3   0001H.1   UNIT         ?BI?PRINTF?PRINTF
                    0021H.4   0000H.4                *** GAP ***
            DATA    0022H     0008H     UNIT         IICDATA
            DATA    002AH     0014H     UNIT         ?DT?PRINTF?PRINTF
            DATA    003EH     0008H     UNIT         ?DT?_STRNCMP?STRNCMP
            IDATA   0046H     001EH     UNIT         ?ID?552
            IDATA   0064H     0001H     UNIT         ?STACK

            * * * * * * *   C O D E   M E M O R Y   * * * * * * *
            CODE    0000H     0003H     ABSOLUTE     
            CODE    0003H     0006H     INBLOCK      ?PR?_W_DOG?552
            CODE    0009H     0003H     INBLOCK      ?PR?X1_INT?552
                    000CH     0007H                  *** GAP ***
            CODE    0013H     0003H     ABSOLUTE     
            CODE    0016H     000AH     INBLOCK      ?PR?_SET_LCD?552
                    0020H     0003H                  *** GAP ***
            CODE    0023H     0003H     ABSOLUTE     
                    0026H     0005H                  *** GAP ***
            CODE    002BH     0007H     ABSOLUTE     
            CODE    0032H     001BH     INBLOCK      ?PR?INIT_LCD?552
            CODE    004DH     0026H     INBLOCK      ?PR?_START_SIO1?552
            CODE    0073H     000FH     INBLOCK      ?PR?INIT_SIO0?552
            CODE    0082H     0011H     INBLOCK      ?PR?INIT_RTC?552
                    0093H     000DH                  *** GAP ***
MCS-51 LINKER / LOCATER  L51 V2.7                                                           DATE  03/18/93   PAGE    2


            CODE    00A0H     000DH     ABSOLUTE     
                    00ADH     0003H                  *** GAP ***
            CODE    00B0H     000CH     ABSOLUTE     
                    00BCH     0004H                  *** GAP ***
            CODE    00C0H     000FH     ABSOLUTE     
                    00CFH     0001H                  *** GAP ***
            CODE    00D0H     0007H     ABSOLUTE     
                    00D7H     0001H                  *** GAP ***
            CODE    00D8H     0010H     ABSOLUTE     
            CODE    00E8H     000DH     ABSOLUTE     
                    00F5H     0003H                  *** GAP ***
            CODE    00F8H     0007H     ABSOLUTE     
                    00FFH     0001H                  *** GAP ***
            CODE    0100H     0006H     ABSOLUTE     
                    0106H     0002H                  *** GAP ***
            CODE    0108H     0008H     ABSOLUTE     
            CODE    0110H     0008H     ABSOLUTE     
            CODE    0118H     0007H     ABSOLUTE     
                    011FH     0001H                  *** GAP ***
            CODE    0120H     0006H     ABSOLUTE     
                    0126H     0002H                  *** GAP ***
            CODE    0128H     0008H     ABSOLUTE     
            CODE    0130H     0006H     ABSOLUTE     
                    0136H     0002H                  *** GAP ***
            CODE    0138H     0008H     ABSOLUTE     
            CODE    0140H     0005H     ABSOLUTE     
                    0145H     0003H                  *** GAP ***
            CODE    0148H     0006H     ABSOLUTE     
                    014EH     0002H                  *** GAP ***
            CODE    0150H     0007H     ABSOLUTE     
                    0157H     0001H                  *** GAP ***
            CODE    0158H     0006H     ABSOLUTE     
                    015EH     0002H                  *** GAP ***
            CODE    0160H     0008H     ABSOLUTE     
            CODE    0168H     0008H     ABSOLUTE     
            CODE    0170H     000DH     INBLOCK      ?PR?GETKEY?552
                    017DH     0003H                  *** GAP ***
            CODE    0180H     0007H     ABSOLUTE     
                    0187H     0001H                  *** GAP ***
            CODE    0188H     0005H     ABSOLUTE     
                    018DH     0013H                  *** GAP ***
            CODE    01A0H     0006H     ABSOLUTE     
                    01A6H     0002H                  *** GAP ***
            CODE    01A8H     0002H     ABSOLUTE     
                    01AAH     0006H                  *** GAP ***
            CODE    01B0H     0002H     ABSOLUTE     
                    01B2H     0006H                  *** GAP ***
            CODE    01B8H     0007H     ABSOLUTE     
                    01BFH     0001H                  *** GAP ***
            CODE    01C0H     0006H     ABSOLUTE     
                    01C6H     0002H                  *** GAP ***
            CODE    01C8H     0006H     ABSOLUTE     
            CODE    01CEH     003AH     INBLOCK      ?PR?_SHOW_TIME?552
            CODE    0208H     0036H     INBLOCK      ?PR?_SHOW_DATE?552
            CODE    023EH     003EH     INBLOCK      ?PR?_RANGE_GETKEY?552
            CODE    027CH     00C1H     INBLOCK      ?PR?GET_TIME?552
            CODE    033DH     0020H     INBLOCK      ?PR?TEST_X1?552
            CODE    035DH     001BH     INBLOCK      ?PR?SERCOM?552
            CODE    0378H     001BH     INBLOCK      ?PR?INIT?552
            CODE    0393H     0093H     INBLOCK      ?PR?MAIN?552
            CODE    0426H     003CH     UNIT         ?CO?552
            CODE    0462H     0013H     UNIT         ?C_INITSEG
MCS-51 LINKER / LOCATER  L51 V2.7                                                           DATE  03/18/93   PAGE    3


            CODE    0475H     0020H     UNIT         IICCODE
            CODE    0495H     008CH     UNIT         ?C_C51STARTUP
            CODE    0521H     032BH     UNIT         ?PR?PRINTF?PRINTF
            CODE    084CH     0059H     UNIT         ?PR?_STRNCMP?STRNCMP
            CODE    08A5H     004AH     UNIT         PUT_C
            CODE    08EFH     0094H     UNIT         ?C_LIB_CODE



SYMBOL TABLE OF MODULE:  552.ABS (552)

VALUE           TYPE          NAME
----------------------------------

-------         MODULE        552
C:0000H         SYMBOL        _ICE_DUMMY_
C:0082H         PUBLIC        INIT_RTC
D:00FFH         PUBLIC        T3
I:0059H         PUBLIC        I2C_M552
I:005AH         PUBLIC        ERROR
C:0170H         PUBLIC        GETKEY
C:0073H         PUBLIC        INIT_SIO0
B:0098H.0       PUBLIC        RI
C:0208H         PUBLIC        _SHOW_DATE
B:0020H.2       PUBLIC        X1_FLAG
C:0393H         PUBLIC        MAIN
D:0087H         PUBLIC        PCON
C:01CEH         PUBLIC        _SHOW_TIME
D:0089H         PUBLIC        TMOD
C:0378H         PUBLIC        INIT
C:0009H         PUBLIC        X1_INT
I:0060H         PUBLIC        OK
C:0016H         PUBLIC        _SET_LCD
B:00A8H.4       PUBLIC        ES0
D:0012H         PUBLIC        IO_STREAM
C:0032H         PUBLIC        INIT_LCD
C:035DH         PUBLIC        SERCOM
C:033DH         PUBLIC        TEST_X1
D:008DH         PUBLIC        TH1
B:00A8H.2       PUBLIC        EX1
B:0088H.2       PUBLIC        IT1
D:0013H         PUBLIC        POS
C:027CH         PUBLIC        GET_TIME
B:0088H.6       PUBLIC        TR1
I:0063H         PUBLIC        PC_M552
C:023EH         PUBLIC        _RANGE_GETKEY
D:0099H         PUBLIC        S0BUF
D:0098H         PUBLIC        S0CON
C:004DH         PUBLIC        _START_SIO1
C:0003H         PUBLIC        _W_DOG
-------         PROC          _W_DOG
D:0007H         SYMBOL        PERIOD
-------         ENDPROC       _W_DOG
C:0003H         LINE#         25
C:0003H         LINE#         26
-------         PROC          X1_INT
-------         ENDPROC       X1_INT
C:0009H         LINE#         28
C:0009H         LINE#         29
-------         PROC          _SET_LCD
D:0007H         SYMBOL        COMMAND
-------         ENDPROC       _SET_LCD
MCS-51 LINKER / LOCATER  L51 V2.7                                                           DATE  03/18/93   PAGE    4


C:0016H         LINE#         31
C:0016H         LINE#         32
-------         PROC          INIT_LCD
-------         ENDPROC       INIT_LCD
C:0032H         LINE#         34
C:0032H         LINE#         35
C:0032H         LINE#         36
C:0035H         LINE#         37
C:003AH         LINE#         38
C:003FH         LINE#         39
C:0044H         LINE#         40
C:0049H         LINE#         41
C:004CH         LINE#         42
-------         PROC          _START_SIO1
D:0007H         SYMBOL        ADDR
D:0005H         SYMBOL        LENGTH
D:0003H         SYMBOL        D_PTR
I:0046H         SYMBOL        NUM_TRIES
-------         ENDPROC       _START_SIO1
C:004DH         LINE#         44
C:004DH         LINE#         47
C:004DH         LINE#         48
C:0053H         LINE#         49
C:0056H         LINE#         50
C:005AH         LINE#         51
C:005AH         LINE#         52
C:006FH         LINE#         53
C:0071H         LINE#         54
C:0071H         LINE#         55
C:0072H         LINE#         56
-------         PROC          INIT_SIO0
-------         ENDPROC       INIT_SIO0
C:0073H         LINE#         58
C:0073H         LINE#         59
C:0073H         LINE#         60
C:0076H         LINE#         61
C:0079H         LINE#         62
C:007CH         LINE#         63
C:007FH         LINE#         64
C:0081H         LINE#         65
-------         PROC          INIT_RTC
I:0048H         SYMBOL        SET
-------         ENDPROC       INIT_RTC
C:0082H         LINE#         67
C:0082H         LINE#         68
C:0082H         LINE#         70
C:0086H         LINE#         71
C:0089H         LINE#         72
C:0092H         LINE#         73
-------         PROC          _SHOW_TIME
D:0008H         SYMBOL        POS
I:004AH         SYMBOL        TIME
-------         ENDPROC       _SHOW_TIME
C:01CEH         LINE#         75
C:01D0H         LINE#         76
C:01D0H         LINE#         78
C:01D4H         LINE#         79
C:01DDH         LINE#         80
C:01E6H         LINE#         81
C:01E9H         LINE#         82
C:01EEH         LINE#         83
C:01F1H         LINE#         84
MCS-51 LINKER / LOCATER  L51 V2.7                                                           DATE  03/18/93   PAGE    5


C:0207H         LINE#         86
-------         PROC          _SHOW_DATE
D:0009H         SYMBOL        POS
I:004FH         SYMBOL        DATE
-------         ENDPROC       _SHOW_DATE
C:0208H         LINE#         88
C:020AH         LINE#         89
C:020AH         LINE#         91
C:020EH         LINE#         92
C:0217H         LINE#         93
C:0220H         LINE#         94
C:0223H         LINE#         95
C:0228H         LINE#         96
C:022BH         LINE#         97
C:023DH         LINE#         98
-------         PROC          _RANGE_GETKEY
D:0007H         SYMBOL        IN_KEY
D:0005H         SYMBOL        CURSOR_POS
-------         ENDPROC       _RANGE_GETKEY
C:023EH         LINE#         100
C:023EH         LINE#         101
C:023EH         LINE#         102
C:0252H         LINE#         103
C:0252H         LINE#         104
C:025CH         LINE#         105
C:0266H         LINE#         106
C:0266H         LINE#         107
C:0270H         LINE#         108
C:0270H         LINE#         109
C:027AH         LINE#         110
C:027AH         LINE#         111
C:027BH         LINE#         112
-------         PROC          GETKEY
-------         ENDPROC       GETKEY
C:0170H         LINE#         114
C:0170H         LINE#         115
-------         PROC          GET_TIME
I:0051H         SYMBOL        IN
I:0052H         SYMBOL        BUSY
I:0053H         SYMBOL        CURSOR
I:0054H         SYMBOL        TIME
D:000AH         SYMBOL        K_BUF
-------         ENDPROC       GET_TIME
C:027CH         LINE#         117
C:027CH         LINE#         118
C:027CH         LINE#         119
C:0283H         LINE#         122
C:0288H         LINE#         123
C:0291H         LINE#         124
C:0296H         LINE#         125
C:029BH         LINE#         126
C:02A5H         LINE#         127
C:02A5H         LINE#         128
C:02ACH         LINE#         129
C:02B5H         LINE#         130
C:02B5H         LINE#         131
C:02C0H         LINE#         132
C:02CBH         LINE#         133
C:02D7H         LINE#         134
C:02E0H         LINE#         135
C:02E3H         LINE#         136
C:02E3H         LINE#         137
MCS-51 LINKER / LOCATER  L51 V2.7                                                           DATE  03/18/93   PAGE    6


C:02E5H         LINE#         138
C:02E9H         LINE#         139
C:02F4H         LINE#         140
C:02FEH         LINE#         141
C:0308H         LINE#         142
C:0322H         LINE#         143
C:0322H         LINE#         144
C:032BH         LINE#         145
C:0330H         LINE#         146
C:0334H         LINE#         147
C:0339H         LINE#         148
C:033BH         LINE#         149
C:033BH         LINE#         150
C:033CH         LINE#         151
-------         PROC          TEST_X1
I:0058H         SYMBOL        TEST
-------         ENDPROC       TEST_X1
C:033DH         LINE#         153
C:033DH         LINE#         154
C:033DH         LINE#         155
C:0341H         LINE#         156
C:034AH         LINE#         157
C:0353H         LINE#         158
C:035BH         LINE#         159
C:035CH         LINE#         160
-------         PROC          SERCOM
-------         ENDPROC       SERCOM
C:035DH         LINE#         24
C:0363H         LINE#         25
C:0363H         LINE#         26
C:0366H         LINE#         27
C:0366H         LINE#         28
C:036DH         LINE#         29
C:036FH         LINE#         30
C:036FH         LINE#         31
C:0371H         LINE#         32
-------         PROC          INIT
-------         ENDPROC       INIT
C:0378H         LINE#         36
C:0378H         LINE#         37
C:0378H         LINE#         38
C:037AH         LINE#         39
C:037CH         LINE#         40
C:037EH         LINE#         41
C:0381H         LINE#         42
C:0384H         LINE#         43
C:0389H         LINE#         44
C:038BH         LINE#         45
C:0392H         LINE#         46
-------         PROC          MAIN
D:0010H         SYMBOL        PTR
D:0006H         SYMBOL        PTR1
-------         ENDPROC       MAIN
C:0393H         LINE#         50
C:0393H         LINE#         51
C:0393H         LINE#         54
C:0396H         LINE#         55
C:0396H         LINE#         56
C:0396H         LINE#         57
C:0399H         LINE#         58
C:039EH         LINE#         59
C:03A3H         LINE#         60
MCS-51 LINKER / LOCATER  L51 V2.7                                                           DATE  03/18/93   PAGE    7


C:03B1H         LINE#         61
C:03BAH         LINE#         62
C:03BDH         LINE#         63
C:03BFH         LINE#         64
C:03C4H         LINE#         65
C:03D2H         LINE#         66
C:03EEH         LINE#         67
C:03F1H         LINE#         68
C:03F1H         LINE#         69
C:03F4H         LINE#         70
C:0406H         LINE#         71
C:0409H         LINE#         72
C:040BH         LINE#         74
C:040BH         LINE#         75
C:040EH         LINE#         76
C:0420H         LINE#         77
C:0423H         LINE#         79
C:0423H         LINE#         80
C:0425H         LINE#         81
-------         ENDMOD        552

-------         MODULE        PRINTF
D:002AH         PUBLIC        ?_PRINTF517?BYTE
D:002AH         PUBLIC        ?_SPRINTF517?BYTE
D:002AH         PUBLIC        ?_PRINTF?BYTE
D:002AH         PUBLIC        ?_SPRINTF?BYTE
C:0586H         PUBLIC        _PRINTF
C:0580H         PUBLIC        _SPRINTF
C:0586H         PUBLIC        _PRINTF517
C:0580H         PUBLIC        _SPRINTF517
-------         ENDMOD        PRINTF

-------         MODULE        STRNCMP
C:084CH         PUBLIC        _STRNCMP
D:003EH         PUBLIC        ?_STRNCMP?BYTE
-------         ENDMOD        STRNCMP

-------         MODULE        ?C_CLDPTR
C:08EFH         PUBLIC        ?C_CLDPTR
-------         ENDMOD        ?C_CLDPTR

-------         MODULE        ?C_CLDOPTR
C:090AH         PUBLIC        ?C_CLDOPTR
-------         ENDMOD        ?C_CLDOPTR

-------         MODULE        ?C_CSTPTR
C:0939H         PUBLIC        ?C_CSTPTR
-------         ENDMOD        ?C_CSTPTR

-------         MODULE        ?C_PLDIIDATA
C:094DH         PUBLIC        ?C_PLDIIDATA
-------         ENDMOD        ?C_PLDIIDATA

-------         MODULE        ?C_CCASE
C:095DH         PUBLIC        ?C_CCASE
-------         ENDMOD        ?C_CCASE
