BL51 BANKED LINKER/LOCATER V2.10                                                          04/17/97  23:02:14  PAGE 1


MS-DOS BL51 BANKED LINKER/LOCATER V2.10, INVOKED BY:
C:\C51\BIN\BL51.EXE POTRAC.OBJ, SIO1.OBJ, N3INC.OBJ, PUTCHAR.OBJ TO POTRAC.ABS RAMSIZE (256) NOOVERLAY PRINT (LNK.LST)


MEMORY MODEL: SMALL


INPUT MODULES INCLUDED:
  POTRAC.OBJ (POTRAC)
  SIO1.OBJ (SIO1)
  N3INC.OBJ (N3INC)
  PUTCHAR.OBJ (PUTCHAR)
  C:\C51\LIB\C51S.LIB (?C_STARTUP)
  C:\C51\LIB\C51S.LIB (?C_CLDPTR)
  C:\C51\LIB\C51S.LIB (?C_CLDOPTR)
  C:\C51\LIB\C51S.LIB (?C_CSTPTR)
  C:\C51\LIB\C51S.LIB (?C_CSTOPTR)
  C:\C51\LIB\C51S.LIB (PRINTF)
  C:\C51\LIB\C51S.LIB (?C_INIT)
  C:\C51\LIB\C51S.LIB (?C_PLDIIDATA)
  C:\C51\LIB\C51S.LIB (?C_CCASE)


LINK MAP OF MODULE:  POTRAC.ABS (POTRAC)


            TYPE    BASE      LENGTH    RELOCATION   SEGMENT NAME
            -----------------------------------------------------

            * * * * * * *   D A T A   M E M O R Y   * * * * * * *
            REG     0000H     0008H     ABSOLUTE     "REG BANK 0"
            DATA    0008H     000CH     UNIT         ?DT?POTRAC
            DATA    0014H     0003H     UNIT         ?DT?_READ_TIME?N3INC
            DATA    0017H     0001H     UNIT         ?DT?_SHOW_TIME?N3INC
            REG     0018H     0008H     ABSOLUTE     "REG BANK 3"
            BIT     0020H.0   0000H.1   UNIT         ?BI?N3INC
            BIT     0020H.1   0001H.1   UNIT         ?BI?PRINTF?PRINTF
                    0021H.2   0000H.6                *** GAP ***
            DATA    0022H     0006H     UNIT         IICDATA
            DATA    0028H     0003H     UNIT         ?DT?_READ_DATE?N3INC
            DATA    002BH     0003H     UNIT         ?DT?_DISPLAY_TIME?N3INC
            DATA    002EH     0003H     UNIT         ?DT?_DISPLAY_DATE?N3INC
            DATA    0031H     0001H     UNIT         ?DT?_SHOW_DATE?N3INC
            DATA    0032H     0006H     UNIT         ?DT?GET_TIME?N3INC
            DATA    0038H     0001H     UNIT         ?DT?N3INC
            DATA    0039H     0014H     UNIT         ?DT?PRINTF?PRINTF
            IDATA   004DH     0003H     UNIT         ?ID?POTRAC
            IDATA   0050H     001CH     UNIT         ?ID?N3INC
            IDATA   006CH     0001H     UNIT         ?STACK

            * * * * * * *   C O D E   M E M O R Y   * * * * * * *
            CODE    0000H     0003H     ABSOLUTE     
            CODE    0003H     0009H     INBLOCK      ?PR?INIT_ADC?POTRAC
            CODE    000CH     0005H     INBLOCK      ?PR?_SERVICE_PAD?POTRAC
                    0011H     0002H                  *** GAP ***
            CODE    0013H     0003H     ABSOLUTE     
            CODE    0016H     0014H     INBLOCK      ?PR?SET_DATE?POTRAC
                    002AH     0001H                  *** GAP ***
BL51 BANKED LINKER/LOCATER V2.10                                                        04/17/97  23:02:14  PAGE 2


            CODE    002BH     0007H     ABSOLUTE     
            CODE    0032H     0012H     INBLOCK      ?PR?INIT?POTRAC
            CODE    0044H     0006H     UNIT         ?PR?_W_DOG?N3INC
            CODE    004AH     0003H     UNIT         ?PR?X1_INT?N3INC
            CODE    004DH     0006H     UNIT         ?C_INITSEG
            CODE    0053H     0003H     ABSOLUTE     
            CODE    0056H     0027H     INBLOCK      ?PR?ADC_INT?POTRAC
            CODE    007DH     0019H     UNIT         ?CO?POTRAC
            CODE    0096H     000AH     UNIT         ?PR?_SET_LCD?N3INC
            CODE    00A0H     000DH     ABSOLUTE     
                    00ADH     0003H                  *** GAP ***
            CODE    00B0H     000CH     ABSOLUTE     
                    00BCH     0004H                  *** GAP ***
            CODE    00C0H     000FH     ABSOLUTE     
            CODE    00CFH     001BH     UNIT         IICCODE
            CODE    00EAH     000FH     UNIT         ?PR?INIT_SIO0?N3INC
                    00F9H     0007H                  *** GAP ***
            CODE    0100H     0006H     ABSOLUTE     
                    0106H     0002H                  *** GAP ***
            CODE    0108H     0008H     ABSOLUTE     
            CODE    0110H     0008H     ABSOLUTE     
            CODE    0118H     0007H     ABSOLUTE     
                    011FH     0001H                  *** GAP ***
            CODE    0120H     0006H     ABSOLUTE     
                    0126H     0002H                  *** GAP ***
            CODE    0128H     0008H     ABSOLUTE     
            CODE    0130H     0006H     ABSOLUTE     
                    0136H     0002H                  *** GAP ***
            CODE    0138H     0008H     ABSOLUTE     
            CODE    0140H     0005H     ABSOLUTE     
                    0145H     0003H                  *** GAP ***
            CODE    0148H     0006H     ABSOLUTE     
                    014EH     0002H                  *** GAP ***
            CODE    0150H     0007H     ABSOLUTE     
                    0157H     0001H                  *** GAP ***
            CODE    0158H     0006H     ABSOLUTE     
            CODE    015EH     005AH     INBLOCK      ?PR?MAIN?POTRAC
            CODE    01B8H     001BH     UNIT         ?PR?INIT_LCD?N3INC
            CODE    01D3H     0026H     UNIT         ?PR?_START_SIO1?N3INC
            CODE    01F9H     0011H     UNIT         ?PR?INIT_RTC?N3INC
            CODE    020AH     003AH     UNIT         ?PR?_READ_TIME?N3INC
            CODE    0244H     0031H     UNIT         ?PR?_READ_DATE?N3INC
            CODE    0275H     0030H     UNIT         ?PR?_DISPLAY_TIME?N3INC
            CODE    02A5H     0028H     UNIT         ?PR?_DISPLAY_DATE?N3INC
            CODE    02CDH     0017H     UNIT         ?PR?_SHOW_TIME?N3INC
            CODE    02E4H     0017H     UNIT         ?PR?_SHOW_DATE?N3INC
            CODE    02FBH     003EH     UNIT         ?PR?_RANGE_GETKEY?N3INC
            CODE    0339H     000DH     UNIT         ?PR?GETKEY?N3INC
            CODE    0346H     00BAH     UNIT         ?PR?GET_TIME?N3INC
            CODE    0400H     0020H     UNIT         ?PR?TEST_X1?N3INC
            CODE    0420H     0034H     UNIT         ?CO?N3INC
            CODE    0454H     0041H     UNIT         PUT_C
            CODE    0495H     008CH     UNIT         ?C_C51STARTUP
            CODE    0521H     00B8H     UNIT         ?C_LIB_CODE
            CODE    05D9H     032BH     UNIT         ?PR?PRINTF?PRINTF


BL51 BANKED LINKER/LOCATER V2.10                                                        04/17/97  23:02:14  PAGE 3



SYMBOL TABLE OF MODULE:  POTRAC.ABS (POTRAC)

  VALUE           TYPE          NAME
  ----------------------------------

  -------         MODULE        ?C_CLDPTR
  C:0521H         PUBLIC        ?C_CLDPTR
  -------         ENDMOD        ?C_CLDPTR

  -------         MODULE        ?C_CLDOPTR
  C:053CH         PUBLIC        ?C_CLDOPTR
  -------         ENDMOD        ?C_CLDOPTR

  -------         MODULE        ?C_CSTPTR
  C:056BH         PUBLIC        ?C_CSTPTR
  -------         ENDMOD        ?C_CSTPTR

  -------         MODULE        ?C_CSTOPTR
  C:057FH         PUBLIC        ?C_CSTOPTR
  -------         ENDMOD        ?C_CSTOPTR

  -------         MODULE        PRINTF
  D:0039H         PUBLIC        ?_PRINTF517?BYTE
  D:0039H         PUBLIC        ?_SPRINTF517?BYTE
  D:0039H         PUBLIC        ?_PRINTF?BYTE
  D:0039H         PUBLIC        ?_SPRINTF?BYTE
  C:063EH         PUBLIC        _PRINTF
  C:0638H         PUBLIC        _SPRINTF
  C:063EH         PUBLIC        _PRINTF517
  C:0638H         PUBLIC        _SPRINTF517
  -------         ENDMOD        PRINTF

  -------         MODULE        ?C_PLDIIDATA
  C:05A3H         PUBLIC        ?C_PLDIIDATA
  -------         ENDMOD        ?C_PLDIIDATA

  -------         MODULE        ?C_CCASE
  C:05B3H         PUBLIC        ?C_CCASE
  -------         ENDMOD        ?C_CCASE

LINK/LOCATE RUN COMPLETE.  0 WARNING(S),  0 ERROR(S)
